\BOOKMARK [0][-]{Doc-Start}{Abstract}{}% 1
\BOOKMARK [0][-]{section*.2}{Contents}{}% 2
\BOOKMARK [0][-]{chapter.1}{Guidelines on format and content}{}% 3
\BOOKMARK [1][-]{section.1.1}{Introduction and Literature Review}{chapter.1}% 4
\BOOKMARK [1][-]{section.1.2}{Research Plan}{chapter.1}% 5
\BOOKMARK [1][-]{section.1.3}{Progress Report}{chapter.1}% 6
\BOOKMARK [0][-]{chapter.2}{How to use the template}{}% 7
\BOOKMARK [1][-]{section.2.1}{Folders}{chapter.2}% 8
\BOOKMARK [1][-]{section.2.2}{Thesis\137proposal.tex}{chapter.2}% 9
\BOOKMARK [2][-]{subsection.2.2.1}{PACKAGES AND OTHER DOCUMENT CONFIGURATIONS}{section.2.2}% 10
\BOOKMARK [2][-]{subsection.2.2.2}{ADD YOUR CUSTOM VALUES, COMMANDS AND PACKAGES}{section.2.2}% 11
\BOOKMARK [2][-]{subsection.2.2.3}{TITLE PAGE}{section.2.2}% 12
\BOOKMARK [2][-]{subsection.2.2.4}{PREAMBLE PAGES}{section.2.2}% 13
\BOOKMARK [2][-]{subsection.2.2.5}{LIST OF CONTENTS/FIGURES/TABLES}{section.2.2}% 14
\BOOKMARK [2][-]{subsection.2.2.6}{THESIS MAIN TEXT}{section.2.2}% 15
\BOOKMARK [2][-]{subsection.2.2.7}{APPENDICES}{section.2.2}% 16
\BOOKMARK [2][-]{subsection.2.2.8}{BIBLIOGRAPHY}{section.2.2}% 17
\BOOKMARK [0][-]{chapter.3}{Figures, tables and images}{}% 18
\BOOKMARK [1][-]{section.3.1}{Figures}{chapter.3}% 19
\BOOKMARK [1][-]{section.3.2}{Tables}{chapter.3}% 20
\BOOKMARK [1][-]{section.3.3}{Images}{chapter.3}% 21
\BOOKMARK [0][-]{appendix.A}{About Appendices}{}% 22
\BOOKMARK [0][-]{appendix.A}{Bibliography}{}% 23
